<?xml version="1.0" encoding="UTF-8"?>
<testng-results ignored="0" total="2" passed="2" failed="0" skipped="0">
  <reporter-output>
  </reporter-output>
  <suite started-at="2020-07-06T19:31:19 IST" name="Suite" finished-at="2020-07-06T19:33:11 IST" duration-ms="111749">
    <groups>
      <group name="cucumber">
        <method signature="AbstractTestNGCucumberTests.runScenario(io.cucumber.testng.PickleWrapper, io.cucumber.testng.FeatureWrapper)[pri:0, instance:com.testRunner.TestRunner@78047b92]" name="runScenario" class="io.cucumber.testng.AbstractTestNGCucumberTests"/>
      </group> <!-- cucumber -->
    </groups>
    <test started-at="2020-07-06T19:31:19 IST" name="GreenkartTest" finished-at="2020-07-06T19:33:11 IST" duration-ms="111749">
      <class name="com.testRunner.TestRunner">
        <test-method is-config="true" signature="setUpClass()[pri:0, instance:com.testRunner.TestRunner@78047b92]" started-at="2020-07-06T19:31:19 IST" name="setUpClass" finished-at="2020-07-06T19:31:21 IST" duration-ms="1315" status="PASS">
          <reporter-output>
          </reporter-output>
        </test-method> <!-- setUpClass -->
        <test-method signature="runScenario(io.cucumber.testng.PickleWrapper, io.cucumber.testng.FeatureWrapper)[pri:0, instance:com.testRunner.TestRunner@78047b92]" started-at="2020-07-06T19:31:21 IST" name="runScenario" description="Runs Cucumber Scenarios" data-provider="scenarios" finished-at="2020-07-06T19:32:24 IST" duration-ms="62980" status="PASS">
          <params>
            <param index="0">
              <value>
                <![CDATA["Add a product to cart"]]>
              </value>
            </param>
            <param index="1">
              <value>
                <![CDATA["Cart"]]>
              </value>
            </param>
          </params>
          <reporter-output>
          </reporter-output>
        </test-method> <!-- runScenario -->
        <test-method signature="runScenario(io.cucumber.testng.PickleWrapper, io.cucumber.testng.FeatureWrapper)[pri:0, instance:com.testRunner.TestRunner@78047b92]" started-at="2020-07-06T19:32:24 IST" name="runScenario" description="Runs Cucumber Scenarios" data-provider="scenarios" finished-at="2020-07-06T19:33:09 IST" duration-ms="45118" status="PASS">
          <params>
            <param index="0">
              <value>
                <![CDATA["Add multiple products to cart"]]>
              </value>
            </param>
            <param index="1">
              <value>
                <![CDATA["Cart"]]>
              </value>
            </param>
          </params>
          <reporter-output>
          </reporter-output>
        </test-method> <!-- runScenario -->
        <test-method is-config="true" signature="tearDownClass()[pri:0, instance:com.testRunner.TestRunner@78047b92]" started-at="2020-07-06T19:33:09 IST" name="tearDownClass" finished-at="2020-07-06T19:33:11 IST" duration-ms="2101" status="PASS">
          <reporter-output>
          </reporter-output>
        </test-method> <!-- tearDownClass -->
      </class> <!-- com.testRunner.TestRunner -->
    </test> <!-- GreenkartTest -->
  </suite> <!-- Suite -->
</testng-results>
