<?xml version="1.0" encoding="UTF-8"?>
<!-- Generated by org.testng.reporters.JUnitXMLReporter -->
<testsuite ignored="0" hostname="DESKTOP-CL4KTUF" failures="0" tests="2" name="GreenkartTest" time="111.749" errors="0" timestamp="2020-07-06T19:33:11 IST">
  <testcase classname="io.cucumber.testng.AbstractTestNGCucumberTests" name="runScenario" time="62.98"/>
  <testcase classname="io.cucumber.testng.AbstractTestNGCucumberTests" name="runScenario" time="45.118"/>
</testsuite> <!-- GreenkartTest -->
