<?xml version="1.0" encoding="UTF-8"?>
<testng-results ignored="0" total="1" passed="1" failed="0" skipped="0">
  <reporter-output>
  </reporter-output>
  <suite started-at="2020-07-06T14:04:38 IST" name="Default suite" finished-at="2020-07-06T14:05:19 IST" duration-ms="40946">
    <groups>
      <group name="cucumber">
        <method signature="AbstractTestNGCucumberTests.runScenario(io.cucumber.testng.PickleWrapper, io.cucumber.testng.FeatureWrapper)[pri:0, instance:com.testRunner.TestRunner@bef2d72]" name="runScenario" class="io.cucumber.testng.AbstractTestNGCucumberTests"/>
      </group> <!-- cucumber -->
    </groups>
    <test started-at="2020-07-06T14:04:38 IST" name="Default test" finished-at="2020-07-06T14:05:19 IST" duration-ms="40946">
      <class name="com.testRunner.TestRunner">
        <test-method is-config="true" signature="setUpClass()[pri:0, instance:com.testRunner.TestRunner@bef2d72]" started-at="2020-07-06T14:04:38 IST" name="setUpClass" finished-at="2020-07-06T14:04:40 IST" duration-ms="1412" status="PASS">
          <reporter-output>
          </reporter-output>
        </test-method> <!-- setUpClass -->
        <test-method signature="runScenario(io.cucumber.testng.PickleWrapper, io.cucumber.testng.FeatureWrapper)[pri:0, instance:com.testRunner.TestRunner@bef2d72]" started-at="2020-07-06T14:04:40 IST" name="runScenario" description="Runs Cucumber Scenarios" data-provider="scenarios" finished-at="2020-07-06T14:05:18 IST" duration-ms="38475" status="PASS">
          <params>
            <param index="0">
              <value>
                <![CDATA["Add multiple products to cart"]]>
              </value>
            </param>
            <param index="1">
              <value>
                <![CDATA["Cart"]]>
              </value>
            </param>
          </params>
          <reporter-output>
          </reporter-output>
        </test-method> <!-- runScenario -->
        <test-method is-config="true" signature="tearDownClass()[pri:0, instance:com.testRunner.TestRunner@bef2d72]" started-at="2020-07-06T14:05:18 IST" name="tearDownClass" finished-at="2020-07-06T14:05:19 IST" duration-ms="894" status="PASS">
          <reporter-output>
          </reporter-output>
        </test-method> <!-- tearDownClass -->
      </class> <!-- com.testRunner.TestRunner -->
    </test> <!-- Default test -->
  </suite> <!-- Default suite -->
</testng-results>
